   1              		.arch armv5te
   2              		.fpu softvfp
   3              		.eabi_attribute 20, 1
   4              		.eabi_attribute 21, 1
   5              		.eabi_attribute 23, 3
   6              		.eabi_attribute 24, 1
   7              		.eabi_attribute 25, 1
   8              		.eabi_attribute 26, 2
   9              		.eabi_attribute 30, 1
  10              		.eabi_attribute 34, 0
  11              		.eabi_attribute 18, 4
  12              		.file	"main.c"
  13              		.text
  14              	.Ltext0:
  15              		.cfi_sections	.debug_frame
  16              		.align	2
  17              		.global	main
  19              	main:
  20              		.fnstart
  21              	.LFB21:
  22              		.file 1 "main.c"
   1:main.c        **** //
   2:main.c        **** //  main.c
   3:main.c        **** //  Cube3*3
   4:main.c        **** //
   5:main.c        **** //  Created by 杨春霞 on 12.11.15.
   6:main.c        **** //  Copyright © 2015 Chunxia Yang. All rights reserved.
   7:main.c        **** //
   8:main.c        **** 
   9:main.c        **** // Thema: Entwurf und Implementierung eines Algorithmus zum Loesen des Rubrik-Cube Problems
  10:main.c        **** #include <unistd.h>
  11:main.c        **** #include <stdlib.h>
  12:main.c        **** 
  13:main.c        **** #include "Top_Cross.h"
  14:main.c        **** #include "F2L.h"
  15:main.c        **** #include "OLL.h"
  16:main.c        **** #include "PLL.h"
  17:main.c        **** #include "print_mode.h"
  18:main.c        **** #include "Color_search.h"
  19:main.c        **** #include "stdio.h"
  20:main.c        **** #include "main.h"
  21:main.c        **** #include "Test.h"
  22:main.c        **** #ifdef  __linux__
  23:main.c        **** #include "Arm_motor.h"
  24:main.c        **** #include "Dreh_motor.h"
  25:main.c        **** #include "Farbe_motor.h"
  26:main.c        **** #include "Farbe_scan.h"
  27:main.c        **** #include "Side_dreh.h"
  28:main.c        **** #include "Farbe_sen.h"
  29:main.c        **** #endif
  30:main.c        **** 
  31:main.c        **** const  char print_mode[][12][9]=
  32:main.c        **** {
  33:main.c        ****     {{36,37,38,27,28,29,45,46,47},
  34:main.c        ****         {39,40,41,30,31,32,48,49,50},
  35:main.c        ****         {42,43,44,33,34,35,51,52,53},
  36:main.c        ****         {-1,-1,-1, 0, 1, 2,-1,-1,-1},
  37:main.c        ****         {-1,-1,-1, 3, 4, 5,-1,-1,-1},
  38:main.c        ****         {-1,-1,-1, 6, 7, 8,-1,-1,-1},
  39:main.c        ****         {-1,-1,-1, 9,10,11,-1,-1,-1},
  40:main.c        ****         {-1,-1,-1,12,13,14,-1,-1,-1},
  41:main.c        ****         {-1,-1,-1,15,16,17,-1,-1,-1},
  42:main.c        ****         {-1,-1,-1,18,19,20,-1,-1,-1},
  43:main.c        ****         {-1,-1,-1,21,22,23,-1,-1,-1},
  44:main.c        ****         {-1,-1,-1,24,25,26,-1,-1,-1} },
  45:main.c        ****     
  46:main.c        ****     {{-1,-1,-1,27,28,29,-1,-1,-1},
  47:main.c        ****         {-1,-1,-1,30,31,32,-1,-1,-1},
  48:main.c        ****         {-1,-1,-1,33,34,35,-1,-1,-1},
  49:main.c        ****         {38,41,44, 0, 1, 2,51,48,45},
  50:main.c        ****         {37,40,43, 3, 4, 5,52,49,46},
  51:main.c        ****         {36,39,42, 6, 7, 8,53,50,47},
  52:main.c        ****         {-1,-1,-1, 9,10,11,-1,-1,-1},
  53:main.c        ****         {-1,-1,-1,12,13,14,-1,-1,-1},
  54:main.c        ****         {-1,-1,-1,15,16,17,-1,-1,-1},
  55:main.c        ****         {-1,-1,-1,18,19,20,-1,-1,-1},
  56:main.c        ****         {-1,-1,-1,21,22,23,-1,-1,-1},
  57:main.c        ****         {-1,-1,-1,24,25,26,-1,-1,-1} },
  58:main.c        ****     
  59:main.c        ****     {{-1,-1,-1,27,28,29,-1,-1,-1},
  60:main.c        ****         {-1,-1,-1,30,31,32,-1,-1,-1},
  61:main.c        ****         {-1,-1,-1,33,34,35,-1,-1,-1},
  62:main.c        ****         {-1,-1,-1, 0, 1, 2,-1,-1,-1},
  63:main.c        ****         {-1,-1,-1, 3, 4, 5,-1,-1,-1},
  64:main.c        ****         {-1,-1,-1, 6, 7, 8,-1,-1,-1},
  65:main.c        ****         {44,43,42, 9,10,11,53,52,51},
  66:main.c        ****         {41,40,39,12,13,14,50,49,48},
  67:main.c        ****         {38,37,36,15,16,17,47,46,45},
  68:main.c        ****         {-1,-1,-1,18,19,20,-1,-1,-1},
  69:main.c        ****         {-1,-1,-1,21,22,23,-1,-1,-1},
  70:main.c        ****         {-1,-1,-1,24,25,26,-1,-1,-1} },
  71:main.c        ****     
  72:main.c        ****     {{-1,-1,-1,27,28,29,-1,-1,-1},
  73:main.c        ****         {-1,-1,-1,30,31,32,-1,-1,-1},
  74:main.c        ****         {-1,-1,-1,33,34,35,-1,-1,-1},
  75:main.c        ****         {-1,-1,-1, 0, 1, 2,-1,-1,-1},
  76:main.c        ****         {-1,-1,-1, 3, 4, 5,-1,-1,-1},
  77:main.c        ****         {-1,-1,-1, 6, 7, 8,-1,-1,-1},
  78:main.c        ****         {-1,-1,-1, 9,10,11,-1,-1,-1},
  79:main.c        ****         {-1,-1,-1,12,13,14,-1,-1,-1},
  80:main.c        ****         {-1,-1,-1,15,16,17,-1,-1,-1},
  81:main.c        ****         {42,39,36,18,19,20,47,50,53},
  82:main.c        ****         {43,40,37,21,22,23,46,49,52},
  83:main.c        ****         {44,41,38,24,25,26,45,48,51} },            //print_mode
  84:main.c        ****     
  85:main.c        **** };
  86:main.c        **** #ifdef __linux__
  87:main.c        **** unsigned char color_data[6][9];
  88:main.c        **** #endif
  89:main.c        **** 
  90:main.c        **** #ifndef __linux__
  91:main.c        **** unsigned char color_data[6][9]={
  92:main.c        ****     
  93:main.c        ****     
  94:main.c        ****     /*{0,0,0,0,0,0,0,0,0},
  95:main.c        ****      {1,1,1,1,1,1,1,1,1},
  96:main.c        ****      {2,2,2,2,2,2,2,2,2},
  97:main.c        ****      {3,3,3,3,3,3,3,3,3},
  98:main.c        ****      {4,4,4,4,4,4,4,4,4},
  99:main.c        ****      {5,5,5,5,5,5,5,5,5}*/
 100:main.c        ****     
 101:main.c        ****     /*{0,0,0,4,0,3,1,4,4},
 102:main.c        ****     {5,2,3,5,3,4,1,1,3},
 103:main.c        ****     {2,2,0,1,2,5,1,5,5},
 104:main.c        ****     {0,0,2,0,1,2,3,1,1},
 105:main.c        ****     {4,4,5,1,5,3,2,0,4},
 106:main.c        ****     {3,2,5,3,4,3,4,5,2}*/  //105-140-101-150
 107:main.c        ****     
 108:main.c        ****      /*{2,1,4,2,0,5,5,3,0},
 109:main.c        ****      {0,0,3,5,4,4,2,5,0},
 110:main.c        ****      {4,3,1,4,2,3,5,1,2},
 111:main.c        ****      {2,4,4,5,5,2,3,0,0},
 112:main.c        ****      {1,3,1,0,3,1,3,4,5},
 113:main.c        ****      {3,2,5,1,1,0,1,2,4} */// 130-332-235-324
 114:main.c        ****     
 115:main.c        ****      /*{5,2,4,0,0,0,0,2,4},
 116:main.c        ****      {1,4,0,0,4,5,0,5,5},
 117:main.c        ****      {3,0,0,4,2,5,3,1,2},
 118:main.c        ****      {4,2,3,4,5,5,1,3,1},
 119:main.c        ****      {5,3,2,3,3,1,4,1,2},
 120:main.c        ****      {5,3,1,1,1,2,2,4,3} */ //104-323-215-321
 121:main.c        ****     
 122:main.c        ****      /*{4,0,2,1,0,1,0,2,5},
 123:main.c        ****      {4,3,0,4,4,3,3,2,3},
 124:main.c        ****      {4,4,0,4,2,5,5,3,2},
 125:main.c        ****      {3,0,1,1,5,5,1,5,1},
 126:main.c        ****      {2,0,2,1,3,5,3,0,0},
 127:main.c        ****      {4,2,5,3,1,4,5,2,1} *///140-214-150-105
 128:main.c        ****     
 129:main.c        ****      /*{3,2,5,3,0,1,4,4,4},
 130:main.c        ****      {2,0,1,2,4,5,3,3,2},
 131:main.c        ****      {5,4,3,2,2,0,5,5,1},
 132:main.c        ****      {1,1,4,4,5,0,4,1,2},
 133:main.c        ****      {0,3,0,4,3,1,3,5,0},
 134:main.c        ****      {2,3,5,5,1,2,1,0,0}*///150-251-214-325
 135:main.c        ****     
 136:main.c        ****      /*{3,2,4,3,0,0,1,0,0},
 137:main.c        ****      {5,1,4,0,4,3,2,2,3},
 138:main.c        ****      {3,4,0,2,2,5,5,5,2},
 139:main.c        ****      {1,1,3,4,5,0,4,1,1},
 140:main.c        ****      {4,3,0,4,3,1,2,5,0},
 141:main.c        ****      {5,2,5,3,1,4,2,5,1}*/  //101-251-214-325
 142:main.c        ****     
 143:main.c        ****      /*{3,3,1,1,0,1,4,1,5},
 144:main.c        ****      {0,0,2,3,4,5,2,4,5},
 145:main.c        ****      {4,0,3,0,2,2,0,4,3},
 146:main.c        ****      {5,2,2,0,5,1,4,4,5},
 147:main.c        ****      {1,5,1,5,3,3,1,5,0},
 148:main.c        ****      {4,3,0,4,1,2,2,2,3}*/ //110-215-215-253
 149:main.c        ****     
 150:main.c        ****      /*{3,2,5,5,0,3,4,1,1},
 151:main.c        ****      {1,4,0,1,4,4,3,3,0},
 152:main.c        ****      {2,2,5,5,2,1,1,3,3},
 153:main.c        ****      {5,4,2,1,5,2,4,5,1},
 154:main.c        ****      {5,0,2,0,3,2,2,3,0},
 155:main.c        ****      {4,5,3,4,1,0,0,0,4}*/ //241-325-110-235
 156:main.c        ****     
 157:main.c        ****      /*{2,4,2,4,0,5,2,4,5},
 158:main.c        ****      {3,3,0,0,4,2,0,2,2},
 159:main.c        ****      {3,1,1,5,2,3,4,3,1},
 160:main.c        ****      {3,5,0,5,5,0,3,1,1},
 161:main.c        ****      {5,0,0,1,3,2,4,0,5},
 162:main.c        ****      {4,2,4,3,1,4,5,1,1}*/  //214-110-324-234
 163:main.c        ****     
 164:main.c        ****     
 165:main.c        ****      /*{2,0,5,0,0,0,0,0,0},
 166:main.c        ****      {1,1,5,4,1,2,2,2,0},
 167:main.c        ****      {4,5,1,2,2,3,2,5,4},
 168:main.c        ****      {5,1,0,3,3,3,4,3,2},
 169:main.c        ****      {1,1,3,1,4,5,4,4,3},
 170:main.c        ****      {3,4,5,2,5,4,1,5,3} */ //1510&104 -------1510&105----------3215&251
 171:main.c        ****     
 172:main.c        ****      /*{2,0,5,0,0,0,2,0,0},
 173:main.c        ****      {4,1,5,4,1,2,3,2,0},
 174:main.c        ****      {0,5,1,1,2,5,4,2,2},
 175:main.c        ****      {0,1,3,3,3,3,4,3,2},
 176:main.c        ****      {4,4,1,3,4,5,1,4,3},
 177:main.c        ****      {5,1,5,2,5,4,1,5,3}*/
 178:main.c        ****     
 179:main.c        ****      {2,0,0,0,0,0,2,0,0},
 180:main.c        ****      {4,1,3,4,1,5,0,2,2},
 181:main.c        ****      {5,5,5,3,2,4,4,1,3},
 182:main.c        ****      {2,5,0,1,3,1,3,3,1},
 183:main.c        ****      {1,2,3,3,4,2,1,4,5},
 184:main.c        ****      {5,2,1,4,5,3,4,5,4}
 185:main.c        ****     
 186:main.c        ****      /*{2,0,0,0,0,0,3,0,0},
 187:main.c        ****      {5,1,3,3,1,5,2,2,1},
 188:main.c        ****      {5,3,5,5,2,1,1,5,1},
 189:main.c        ****      {2,2,2,4,3,1,4,3,1},
 190:main.c        ****      {3,1,4,4,4,2,0,4,3},
 191:main.c        ****      {5,2,0,4,5,3,4,5,4}*/
 192:main.c        ****     
 193:main.c        ****     /*{2,2,2,2,2,2,2,2,2},
 194:main.c        ****     {4,5,4,4,4,4,4,4,4},
 195:main.c        ****     {0,0,0,0,0,0,0,0,0},
 196:main.c        ****     {5,5,5,5,5,5,5,4,5},
 197:main.c        ****     {1,1,1,1,1,1,1,3,1},
 198:main.c        ****     {3,3,3,3,3,3,3,1,3}*/
 199:main.c        ****     
 200:main.c        ****      /*{1,0,0,0,0,0,3,0,0},
 201:main.c        ****      {5,1,1,3,1,4,2,1,5},
 202:main.c        ****      {3,5,2,1,2,3,3,5,2},
 203:main.c        ****      {0,2,5,2,3,1,4,3,1},
 204:main.c        ****      {4,2,4,4,4,3,0,4,2},
 205:main.c        ****      {1,5,3,4,5,2,4,5,5}*/
 206:main.c        ****     
 207:main.c        ****      /*{1,0,0,0,0,0,3,0,2},
 208:main.c        ****      {5,1,5,3,1,5,2,4,1},
 209:main.c        ****      {3,2,5,2,2,3,4,1,2},
 210:main.c        ****      {3,2,3,2,3,1,4,3,1},
 211:main.c        ****      {4,5,0,4,4,3,0,4,2},
 212:main.c        ****      {5,5,0,4,5,1,4,5,1}*/
 213:main.c        ****     
 214:main.c        ****      /*{1,0,0,0,0,0,1,0,2},
 215:main.c        ****      {5,1,4,3,1,1,5,5,0},
 216:main.c        ****      {0,2,1,4,2,1,2,3,4},
 217:main.c        ****      {5,4,0,2,3,1,4,3,1},
 218:main.c        ****      {3,2,3,5,4,3,2,4,2},
 219:main.c        ****      {3,2,5,4,5,5,4,5,3}*/
 220:main.c        ****     
 221:main.c        ****      /*{5,0,0,0,0,0,4,0,0},
 222:main.c        ****      {0,1,5,2,1,2,2,5,1},
 223:main.c        ****      {4,2,5,1,2,5,4,2,5},
 224:main.c        ****      {2,1,1,3,3,4,1,3,4},
 225:main.c        ****      {1,4,3,4,4,5,1,4,2},
 226:main.c        ****      {3,1,0,3,5,3,3,5,3} */      //fehlen 2
 227:main.c        ****     
 228:main.c        ****      /*{3,0,0,0,0,0,4,0,2},
 229:main.c        ****      {0,1,1,2,1,5,4,3,5},
 230:main.c        ****      {2,2,0,2,2,5,2,2,2},
 231:main.c        ****      {5,1,5,4,3,4,0,3,4},
 232:main.c        ****      {3,5,3,4,4,1,1,4,5},
 233:main.c        ****      {1,3,1,3,5,1,3,5,4}*/
 234:main.c        ****     
 235:main.c        ****     /*{3,0,0,0,0,0,4,0,5},
 236:main.c        ****      {0,1,0,2,1,1,5,1,3},
 237:main.c        ****      {2,2,5,2,2,5,1,3,4},
 238:main.c        ****      {2,2,3,4,3,4,0,3,4},
 239:main.c        ****      {1,5,4,4,4,1,1,4,5},
 240:main.c        ****      {2,3,2,3,5,5,3,5,1}*/
 241:main.c        ****     
 242:main.c        ****     /*{3,0,0,0,0,0,0,0,5},
 243:main.c        ****      {1,1,0,5,1,5,5,3,4},
 244:main.c        ****      {3,2,3,1,2,2,2,5,1},
 245:main.c        ****      {4,3,2,4,3,4,0,3,4},
 246:main.c        ****      {2,2,1,2,4,1,4,4,5},
 247:main.c        ****      {5,4,2,3,5,1,3,5,1}*/
 248:main.c        ****     
 249:main.c        ****     /* {3,0,0,0,0,0,0,0,1},
 250:main.c        ****      {1,1,5,5,1,1,4,2,2},
 251:main.c        ****      {2,1,1,2,2,3,1,2,2},
 252:main.c        ****      {5,3,3,4,3,4,0,3,4},
 253:main.c        ****      {3,4,2,2,4,1,4,4,5},
 254:main.c        ****      {5,5,4,3,5,5,3,5,0}*/
 255:main.c        ****     
 256:main.c        ****     /* {4,0,2,0,0,0,0,0,1},
 257:main.c        ****      {1,1,5,5,1,5,5,3,5},
 258:main.c        ****      {0,2,1,2,2,5,4,2,2},
 259:main.c        ****      {2,1,1,1,3,4,0,3,5},
 260:main.c        ****      {3,4,3,2,4,4,4,4,3},
 261:main.c        ****      {4,3,2,3,5,1,3,5,0}*/
 262:main.c        ****     
 263:main.c        ****     /*{0,0,0,0,0,0,0,0,0},
 264:main.c        ****     {1,1,1,1,1,1,5,5,1},
 265:main.c        ****     {3,2,2,2,2,2,3,2,2},
 266:main.c        ****     {4,4,1,3,3,3,3,3,3},
 267:main.c        ****     {2,1,2,4,4,4,4,4,4},
 268:main.c        ****     {4,3,5,5,5,5,5,5,5}*/
 269:main.c        ****     
 270:main.c        ****     /*{0,0,0,0,0,0,0,0,0},
 271:main.c        ****     {1,1,1,1,1,1,4,5,3},
 272:main.c        ****     {1,2,2,2,2,2,2,2,5},
 273:main.c        ****     {1,1,2,3,3,3,3,3,3},
 274:main.c        ****     {2,3,5,4,4,4,4,4,4},
 275:main.c        ****     {3,4,4,5,5,5,5,5,5}*/
 276:main.c        ****     
 277:main.c        ****     /*{0,0,0,0,0,0,0,0,0},
 278:main.c        ****     {1,1,1,1,1,1,3,5,2},
 279:main.c        ****     {2,2,5,2,2,2,2,2,4},
 280:main.c        ****     {3,3,2,3,3,3,3,3,3},
 281:main.c        ****     {5,4,4,4,4,4,4,4,4},
 282:main.c        ****     {1,1,1,5,5,5,5,5,5}*/
 283:main.c        **** };
 284:main.c        **** 
 285:main.c        **** int count;
 286:main.c        **** #endif
 287:main.c        **** 
 288:main.c        **** int main(int argc, const char * argv[]) {
  23              		.loc 1 288 0
  24              		.cfi_startproc
  25              		@ Volatile: function does not return.
  26              		@ args = 0, pretend = 0, frame = 0
  27              		@ frame_needed = 0, uses_anonymous_args = 0
  28              	.LVL0:
  29 0000 08402DE9 		stmfd	sp!, {r3, lr}
  30              		.save {r3, lr}
  31              		.cfi_def_cfa_offset 8
  32              		.cfi_offset 3, -8
  33              		.cfi_offset 14, -4
 289:main.c        ****     set_conio_terminal_mode();
  34              		.loc 1 289 0
  35 0004 FEFFFFEB 		bl	set_conio_terminal_mode
  36              	.LVL1:
 290:main.c        ****     
 291:main.c        **** #ifdef __linux__
 292:main.c        ****     Farbe_init();
  37              		.loc 1 292 0
  38 0008 FEFFFFEB 		bl	Farbe_init
  39              	.LVL2:
 293:main.c        ****     arm_init();
  40              		.loc 1 293 0
  41 000c FEFFFFEB 		bl	arm_init
  42              	.LVL3:
 294:main.c        ****     DrehTel_init();
  43              		.loc 1 294 0
  44 0010 FEFFFFEB 		bl	DrehTel_init
  45              	.LVL4:
 295:main.c        ****     ColSen_init();
  46              		.loc 1 295 0
  47 0014 FEFFFFEB 		bl	ColSen_init
  48              	.LVL5:
 296:main.c        ****     /*Farbe_setpos(1);
 297:main.c        ****     ColSen_getData();
 298:main.c        ****     ColSen_getData();
 299:main.c        ****     ColSen_getData();
 300:main.c        ****     ColSen_getData();
 301:main.c        ****     ColSen_getData();
 302:main.c        ****     ColSen_getData();
 303:main.c        ****     ColSen_getData();
 304:main.c        ****     ColSen_getData();
 305:main.c        ****     ColSen_getData();
 306:main.c        ****     ColSen_getData();*/
 307:main.c        ****     
 308:main.c        ****     color_data[6][9]=farbe_scan();
  49              		.loc 1 308 0
  50 0018 FEFFFFEB 		bl	farbe_scan
  51              	.LVL6:
  52 001c 54309FE5 		ldr	r3, .L3
  53 0020 3F00C3E5 		strb	r0, [r3, #63]
 309:main.c        ****     if (test()==0) {
  54              		.loc 1 309 0
  55 0024 FEFFFFEB 		bl	test
  56              	.LVL7:
  57 0028 000050E3 		cmp	r0, #0
  58 002c 0500001A 		bne	.L2
 310:main.c        ****         arm_close();
  59              		.loc 1 310 0
  60 0030 FEFFFFEB 		bl	arm_close
  61              	.LVL8:
 311:main.c        ****         Farbe_close();
  62              		.loc 1 311 0
  63 0034 FEFFFFEB 		bl	Farbe_close
  64              	.LVL9:
 312:main.c        ****         DrehTel_close();
  65              		.loc 1 312 0
  66 0038 FEFFFFEB 		bl	DrehTel_close
  67              	.LVL10:
 313:main.c        ****         ColSen_close();
  68              		.loc 1 313 0
  69 003c FEFFFFEB 		bl	ColSen_close
  70              	.LVL11:
 314:main.c        ****         exit(0);
  71              		.loc 1 314 0
  72 0040 0000A0E3 		mov	r0, #0
  73 0044 FEFFFFEB 		bl	exit
  74              	.LVL12:
  75              	.L2:
 315:main.c        ****     }else
 316:main.c        ****     {
 317:main.c        ****         change_topface(0);
  76              		.loc 1 317 0
  77 0048 0000A0E3 		mov	r0, #0
  78 004c FEFFFFEB 		bl	change_topface
  79              	.LVL13:
 318:main.c        ****         change_rightface(5);
  80              		.loc 1 318 0
  81 0050 0500A0E3 		mov	r0, #5
  82 0054 FEFFFFEB 		bl	change_rightface
  83              	.LVL14:
 319:main.c        ****         wuerfel_print(1);
  84              		.loc 1 319 0
  85 0058 0100A0E3 		mov	r0, #1
  86 005c FEFFFFEB 		bl	wuerfel_print
  87              	.LVL15:
 320:main.c        ****         Top_Cross();
  88              		.loc 1 320 0
  89 0060 FEFFFFEB 		bl	Top_Cross
  90              	.LVL16:
 321:main.c        ****         F2L();
  91              		.loc 1 321 0
  92 0064 FEFFFFEB 		bl	F2L
  93              	.LVL17:
 322:main.c        ****         OLL();
  94              		.loc 1 322 0
  95 0068 FEFFFFEB 		bl	OLL
  96              	.LVL18:
 323:main.c        ****         PLL();
  97              		.loc 1 323 0
  98 006c FEFFFFEB 		bl	PLL
  99              	.LVL19:
 324:main.c        ****     }
 325:main.c        ****     exit(0);
 100              		.loc 1 325 0
 101 0070 0000A0E3 		mov	r0, #0
 102 0074 FEFFFFEB 		bl	exit
 103              	.LVL20:
 104              	.L4:
 105              		.align	2
 106              	.L3:
 107 0078 00000000 		.word	color_data
 108              		.cfi_endproc
 109              	.LFE21:
 110              		.fnend
 112              		.comm	color_data,54,4
 113              		.global	print_mode
 114              		.section	.rodata
 115              		.align	2
 118              	print_mode:
 119 0000 24       		.byte	36
 120 0001 25       		.byte	37
 121 0002 26       		.byte	38
 122 0003 1B       		.byte	27
 123 0004 1C       		.byte	28
 124 0005 1D       		.byte	29
 125 0006 2D       		.byte	45
 126 0007 2E       		.byte	46
 127 0008 2F       		.byte	47
 128 0009 27       		.byte	39
 129 000a 28       		.byte	40
 130 000b 29       		.byte	41
 131 000c 1E       		.byte	30
 132 000d 1F       		.byte	31
 133 000e 20       		.byte	32
 134 000f 30       		.byte	48
 135 0010 31       		.byte	49
 136 0011 32       		.byte	50
 137 0012 2A       		.byte	42
 138 0013 2B       		.byte	43
 139 0014 2C       		.byte	44
 140 0015 21       		.byte	33
 141 0016 22       		.byte	34
 142 0017 23       		.byte	35
 143 0018 33       		.byte	51
 144 0019 34       		.byte	52
 145 001a 35       		.byte	53
 146 001b FF       		.byte	-1
 147 001c FF       		.byte	-1
 148 001d FF       		.byte	-1
 149 001e 00       		.byte	0
 150 001f 01       		.byte	1
 151 0020 02       		.byte	2
 152 0021 FF       		.byte	-1
 153 0022 FF       		.byte	-1
 154 0023 FF       		.byte	-1
 155 0024 FF       		.byte	-1
 156 0025 FF       		.byte	-1
 157 0026 FF       		.byte	-1
 158 0027 03       		.byte	3
 159 0028 04       		.byte	4
 160 0029 05       		.byte	5
 161 002a FF       		.byte	-1
 162 002b FF       		.byte	-1
 163 002c FF       		.byte	-1
 164 002d FF       		.byte	-1
 165 002e FF       		.byte	-1
 166 002f FF       		.byte	-1
 167 0030 06       		.byte	6
 168 0031 07       		.byte	7
 169 0032 08       		.byte	8
 170 0033 FF       		.byte	-1
 171 0034 FF       		.byte	-1
 172 0035 FF       		.byte	-1
 173 0036 FF       		.byte	-1
 174 0037 FF       		.byte	-1
 175 0038 FF       		.byte	-1
 176 0039 09       		.byte	9
 177 003a 0A       		.byte	10
 178 003b 0B       		.byte	11
 179 003c FF       		.byte	-1
 180 003d FF       		.byte	-1
 181 003e FF       		.byte	-1
 182 003f FF       		.byte	-1
 183 0040 FF       		.byte	-1
 184 0041 FF       		.byte	-1
 185 0042 0C       		.byte	12
 186 0043 0D       		.byte	13
 187 0044 0E       		.byte	14
 188 0045 FF       		.byte	-1
 189 0046 FF       		.byte	-1
 190 0047 FF       		.byte	-1
 191 0048 FF       		.byte	-1
 192 0049 FF       		.byte	-1
 193 004a FF       		.byte	-1
 194 004b 0F       		.byte	15
 195 004c 10       		.byte	16
 196 004d 11       		.byte	17
 197 004e FF       		.byte	-1
 198 004f FF       		.byte	-1
 199 0050 FF       		.byte	-1
 200 0051 FF       		.byte	-1
 201 0052 FF       		.byte	-1
 202 0053 FF       		.byte	-1
 203 0054 12       		.byte	18
 204 0055 13       		.byte	19
 205 0056 14       		.byte	20
 206 0057 FF       		.byte	-1
 207 0058 FF       		.byte	-1
 208 0059 FF       		.byte	-1
 209 005a FF       		.byte	-1
 210 005b FF       		.byte	-1
 211 005c FF       		.byte	-1
 212 005d 15       		.byte	21
 213 005e 16       		.byte	22
 214 005f 17       		.byte	23
 215 0060 FF       		.byte	-1
 216 0061 FF       		.byte	-1
 217 0062 FF       		.byte	-1
 218 0063 FF       		.byte	-1
 219 0064 FF       		.byte	-1
 220 0065 FF       		.byte	-1
 221 0066 18       		.byte	24
 222 0067 19       		.byte	25
 223 0068 1A       		.byte	26
 224 0069 FF       		.byte	-1
 225 006a FF       		.byte	-1
 226 006b FF       		.byte	-1
 227 006c FF       		.byte	-1
 228 006d FF       		.byte	-1
 229 006e FF       		.byte	-1
 230 006f 1B       		.byte	27
 231 0070 1C       		.byte	28
 232 0071 1D       		.byte	29
 233 0072 FF       		.byte	-1
 234 0073 FF       		.byte	-1
 235 0074 FF       		.byte	-1
 236 0075 FF       		.byte	-1
 237 0076 FF       		.byte	-1
 238 0077 FF       		.byte	-1
 239 0078 1E       		.byte	30
 240 0079 1F       		.byte	31
 241 007a 20       		.byte	32
 242 007b FF       		.byte	-1
 243 007c FF       		.byte	-1
 244 007d FF       		.byte	-1
 245 007e FF       		.byte	-1
 246 007f FF       		.byte	-1
 247 0080 FF       		.byte	-1
 248 0081 21       		.byte	33
 249 0082 22       		.byte	34
 250 0083 23       		.byte	35
 251 0084 FF       		.byte	-1
 252 0085 FF       		.byte	-1
 253 0086 FF       		.byte	-1
 254 0087 26       		.byte	38
 255 0088 29       		.byte	41
 256 0089 2C       		.byte	44
 257 008a 00       		.byte	0
 258 008b 01       		.byte	1
 259 008c 02       		.byte	2
 260 008d 33       		.byte	51
 261 008e 30       		.byte	48
 262 008f 2D       		.byte	45
 263 0090 25       		.byte	37
 264 0091 28       		.byte	40
 265 0092 2B       		.byte	43
 266 0093 03       		.byte	3
 267 0094 04       		.byte	4
 268 0095 05       		.byte	5
 269 0096 34       		.byte	52
 270 0097 31       		.byte	49
 271 0098 2E       		.byte	46
 272 0099 24       		.byte	36
 273 009a 27       		.byte	39
 274 009b 2A       		.byte	42
 275 009c 06       		.byte	6
 276 009d 07       		.byte	7
 277 009e 08       		.byte	8
 278 009f 35       		.byte	53
 279 00a0 32       		.byte	50
 280 00a1 2F       		.byte	47
 281 00a2 FF       		.byte	-1
 282 00a3 FF       		.byte	-1
 283 00a4 FF       		.byte	-1
 284 00a5 09       		.byte	9
 285 00a6 0A       		.byte	10
 286 00a7 0B       		.byte	11
 287 00a8 FF       		.byte	-1
 288 00a9 FF       		.byte	-1
 289 00aa FF       		.byte	-1
 290 00ab FF       		.byte	-1
 291 00ac FF       		.byte	-1
 292 00ad FF       		.byte	-1
 293 00ae 0C       		.byte	12
 294 00af 0D       		.byte	13
 295 00b0 0E       		.byte	14
 296 00b1 FF       		.byte	-1
 297 00b2 FF       		.byte	-1
 298 00b3 FF       		.byte	-1
 299 00b4 FF       		.byte	-1
 300 00b5 FF       		.byte	-1
 301 00b6 FF       		.byte	-1
 302 00b7 0F       		.byte	15
 303 00b8 10       		.byte	16
 304 00b9 11       		.byte	17
 305 00ba FF       		.byte	-1
 306 00bb FF       		.byte	-1
 307 00bc FF       		.byte	-1
 308 00bd FF       		.byte	-1
 309 00be FF       		.byte	-1
 310 00bf FF       		.byte	-1
 311 00c0 12       		.byte	18
 312 00c1 13       		.byte	19
 313 00c2 14       		.byte	20
 314 00c3 FF       		.byte	-1
 315 00c4 FF       		.byte	-1
 316 00c5 FF       		.byte	-1
 317 00c6 FF       		.byte	-1
 318 00c7 FF       		.byte	-1
 319 00c8 FF       		.byte	-1
 320 00c9 15       		.byte	21
 321 00ca 16       		.byte	22
 322 00cb 17       		.byte	23
 323 00cc FF       		.byte	-1
 324 00cd FF       		.byte	-1
 325 00ce FF       		.byte	-1
 326 00cf FF       		.byte	-1
 327 00d0 FF       		.byte	-1
 328 00d1 FF       		.byte	-1
 329 00d2 18       		.byte	24
 330 00d3 19       		.byte	25
 331 00d4 1A       		.byte	26
 332 00d5 FF       		.byte	-1
 333 00d6 FF       		.byte	-1
 334 00d7 FF       		.byte	-1
 335 00d8 FF       		.byte	-1
 336 00d9 FF       		.byte	-1
 337 00da FF       		.byte	-1
 338 00db 1B       		.byte	27
 339 00dc 1C       		.byte	28
 340 00dd 1D       		.byte	29
 341 00de FF       		.byte	-1
 342 00df FF       		.byte	-1
 343 00e0 FF       		.byte	-1
 344 00e1 FF       		.byte	-1
 345 00e2 FF       		.byte	-1
 346 00e3 FF       		.byte	-1
 347 00e4 1E       		.byte	30
 348 00e5 1F       		.byte	31
 349 00e6 20       		.byte	32
 350 00e7 FF       		.byte	-1
 351 00e8 FF       		.byte	-1
 352 00e9 FF       		.byte	-1
 353 00ea FF       		.byte	-1
 354 00eb FF       		.byte	-1
 355 00ec FF       		.byte	-1
 356 00ed 21       		.byte	33
 357 00ee 22       		.byte	34
 358 00ef 23       		.byte	35
 359 00f0 FF       		.byte	-1
 360 00f1 FF       		.byte	-1
 361 00f2 FF       		.byte	-1
 362 00f3 FF       		.byte	-1
 363 00f4 FF       		.byte	-1
 364 00f5 FF       		.byte	-1
 365 00f6 00       		.byte	0
 366 00f7 01       		.byte	1
 367 00f8 02       		.byte	2
 368 00f9 FF       		.byte	-1
 369 00fa FF       		.byte	-1
 370 00fb FF       		.byte	-1
 371 00fc FF       		.byte	-1
 372 00fd FF       		.byte	-1
 373 00fe FF       		.byte	-1
 374 00ff 03       		.byte	3
 375 0100 04       		.byte	4
 376 0101 05       		.byte	5
 377 0102 FF       		.byte	-1
 378 0103 FF       		.byte	-1
 379 0104 FF       		.byte	-1
 380 0105 FF       		.byte	-1
 381 0106 FF       		.byte	-1
 382 0107 FF       		.byte	-1
 383 0108 06       		.byte	6
 384 0109 07       		.byte	7
 385 010a 08       		.byte	8
 386 010b FF       		.byte	-1
 387 010c FF       		.byte	-1
 388 010d FF       		.byte	-1
 389 010e 2C       		.byte	44
 390 010f 2B       		.byte	43
 391 0110 2A       		.byte	42
 392 0111 09       		.byte	9
 393 0112 0A       		.byte	10
 394 0113 0B       		.byte	11
 395 0114 35       		.byte	53
 396 0115 34       		.byte	52
 397 0116 33       		.byte	51
 398 0117 29       		.byte	41
 399 0118 28       		.byte	40
 400 0119 27       		.byte	39
 401 011a 0C       		.byte	12
 402 011b 0D       		.byte	13
 403 011c 0E       		.byte	14
 404 011d 32       		.byte	50
 405 011e 31       		.byte	49
 406 011f 30       		.byte	48
 407 0120 26       		.byte	38
 408 0121 25       		.byte	37
 409 0122 24       		.byte	36
 410 0123 0F       		.byte	15
 411 0124 10       		.byte	16
 412 0125 11       		.byte	17
 413 0126 2F       		.byte	47
 414 0127 2E       		.byte	46
 415 0128 2D       		.byte	45
 416 0129 FF       		.byte	-1
 417 012a FF       		.byte	-1
 418 012b FF       		.byte	-1
 419 012c 12       		.byte	18
 420 012d 13       		.byte	19
 421 012e 14       		.byte	20
 422 012f FF       		.byte	-1
 423 0130 FF       		.byte	-1
 424 0131 FF       		.byte	-1
 425 0132 FF       		.byte	-1
 426 0133 FF       		.byte	-1
 427 0134 FF       		.byte	-1
 428 0135 15       		.byte	21
 429 0136 16       		.byte	22
 430 0137 17       		.byte	23
 431 0138 FF       		.byte	-1
 432 0139 FF       		.byte	-1
 433 013a FF       		.byte	-1
 434 013b FF       		.byte	-1
 435 013c FF       		.byte	-1
 436 013d FF       		.byte	-1
 437 013e 18       		.byte	24
 438 013f 19       		.byte	25
 439 0140 1A       		.byte	26
 440 0141 FF       		.byte	-1
 441 0142 FF       		.byte	-1
 442 0143 FF       		.byte	-1
 443 0144 FF       		.byte	-1
 444 0145 FF       		.byte	-1
 445 0146 FF       		.byte	-1
 446 0147 1B       		.byte	27
 447 0148 1C       		.byte	28
 448 0149 1D       		.byte	29
 449 014a FF       		.byte	-1
 450 014b FF       		.byte	-1
 451 014c FF       		.byte	-1
 452 014d FF       		.byte	-1
 453 014e FF       		.byte	-1
 454 014f FF       		.byte	-1
 455 0150 1E       		.byte	30
 456 0151 1F       		.byte	31
 457 0152 20       		.byte	32
 458 0153 FF       		.byte	-1
 459 0154 FF       		.byte	-1
 460 0155 FF       		.byte	-1
 461 0156 FF       		.byte	-1
 462 0157 FF       		.byte	-1
 463 0158 FF       		.byte	-1
 464 0159 21       		.byte	33
 465 015a 22       		.byte	34
 466 015b 23       		.byte	35
 467 015c FF       		.byte	-1
 468 015d FF       		.byte	-1
 469 015e FF       		.byte	-1
 470 015f FF       		.byte	-1
 471 0160 FF       		.byte	-1
 472 0161 FF       		.byte	-1
 473 0162 00       		.byte	0
 474 0163 01       		.byte	1
 475 0164 02       		.byte	2
 476 0165 FF       		.byte	-1
 477 0166 FF       		.byte	-1
 478 0167 FF       		.byte	-1
 479 0168 FF       		.byte	-1
 480 0169 FF       		.byte	-1
 481 016a FF       		.byte	-1
 482 016b 03       		.byte	3
 483 016c 04       		.byte	4
 484 016d 05       		.byte	5
 485 016e FF       		.byte	-1
 486 016f FF       		.byte	-1
 487 0170 FF       		.byte	-1
 488 0171 FF       		.byte	-1
 489 0172 FF       		.byte	-1
 490 0173 FF       		.byte	-1
 491 0174 06       		.byte	6
 492 0175 07       		.byte	7
 493 0176 08       		.byte	8
 494 0177 FF       		.byte	-1
 495 0178 FF       		.byte	-1
 496 0179 FF       		.byte	-1
 497 017a FF       		.byte	-1
 498 017b FF       		.byte	-1
 499 017c FF       		.byte	-1
 500 017d 09       		.byte	9
 501 017e 0A       		.byte	10
 502 017f 0B       		.byte	11
 503 0180 FF       		.byte	-1
 504 0181 FF       		.byte	-1
 505 0182 FF       		.byte	-1
 506 0183 FF       		.byte	-1
 507 0184 FF       		.byte	-1
 508 0185 FF       		.byte	-1
 509 0186 0C       		.byte	12
 510 0187 0D       		.byte	13
 511 0188 0E       		.byte	14
 512 0189 FF       		.byte	-1
 513 018a FF       		.byte	-1
 514 018b FF       		.byte	-1
 515 018c FF       		.byte	-1
 516 018d FF       		.byte	-1
 517 018e FF       		.byte	-1
 518 018f 0F       		.byte	15
 519 0190 10       		.byte	16
 520 0191 11       		.byte	17
 521 0192 FF       		.byte	-1
 522 0193 FF       		.byte	-1
 523 0194 FF       		.byte	-1
 524 0195 2A       		.byte	42
 525 0196 27       		.byte	39
 526 0197 24       		.byte	36
 527 0198 12       		.byte	18
 528 0199 13       		.byte	19
 529 019a 14       		.byte	20
 530 019b 2F       		.byte	47
 531 019c 32       		.byte	50
 532 019d 35       		.byte	53
 533 019e 2B       		.byte	43
 534 019f 28       		.byte	40
 535 01a0 25       		.byte	37
 536 01a1 15       		.byte	21
 537 01a2 16       		.byte	22
 538 01a3 17       		.byte	23
 539 01a4 2E       		.byte	46
 540 01a5 31       		.byte	49
 541 01a6 34       		.byte	52
 542 01a7 2C       		.byte	44
 543 01a8 29       		.byte	41
 544 01a9 26       		.byte	38
 545 01aa 18       		.byte	24
 546 01ab 19       		.byte	25
 547 01ac 1A       		.byte	26
 548 01ad 2D       		.byte	45
 549 01ae 30       		.byte	48
 550 01af 33       		.byte	51
 551              		.text
 552              	.Letext0:
 553              		.file 2 "/usr/local/carlson-minot/crosscompilers/arm-none-linux-gnueabi/libc-2014.05-29-sysroot/us
 554              		.file 3 "/usr/local/carlson-minot/crosscompilers/lib/gcc/arm-none-linux-gnueabi/4.8.3/include/stdd
 555              		.file 4 "/usr/local/carlson-minot/crosscompilers/arm-none-linux-gnueabi/libc-2014.05-29-sysroot/us
 556              		.file 5 "/usr/local/carlson-minot/crosscompilers/arm-none-linux-gnueabi/libc-2014.05-29-sysroot/us
 557              		.file 6 "Farbe_motor.h"
 558              		.file 7 "Arm_motor.h"
 559              		.file 8 "Dreh_motor.h"
 560              		.file 9 "Farbe_sen.h"
 561              		.file 10 "Farbe_scan.h"
 562              		.file 11 "Test.h"
 563              		.file 12 "/usr/local/carlson-minot/crosscompilers/arm-none-linux-gnueabi/libc-2014.05-29-sysroot/u
 564              		.file 13 "Side_dreh.h"
 565              		.file 14 "print_mode.h"
 566              		.file 15 "Top_Cross.h"
 567              		.file 16 "F2L.h"
 568              		.file 17 "OLL.h"
 569              		.file 18 "PLL.h"
DEFINED SYMBOLS
                            *ABS*:0000000000000000 main.c
/var/folders/x0/118sfpkj75v4t4_qgl0ndwr00000gn/T//ccW3avcS.s:16     .text:0000000000000000 $a
/var/folders/x0/118sfpkj75v4t4_qgl0ndwr00000gn/T//ccW3avcS.s:19     .text:0000000000000000 main
/var/folders/x0/118sfpkj75v4t4_qgl0ndwr00000gn/T//ccW3avcS.s:107    .text:0000000000000078 $d
                            *COM*:0000000000000036 color_data
                       .ARM.extab:0000000000000000 $d
                       .ARM.exidx:0000000000000000 $d
/var/folders/x0/118sfpkj75v4t4_qgl0ndwr00000gn/T//ccW3avcS.s:118    .rodata:0000000000000000 print_mode
/var/folders/x0/118sfpkj75v4t4_qgl0ndwr00000gn/T//ccW3avcS.s:115    .rodata:0000000000000000 $d
                     .debug_frame:0000000000000010 $d

UNDEFINED SYMBOLS
set_conio_terminal_mode
Farbe_init
arm_init
DrehTel_init
ColSen_init
farbe_scan
test
arm_close
Farbe_close
DrehTel_close
ColSen_close
exit
change_topface
change_rightface
wuerfel_print
Top_Cross
F2L
OLL
PLL
__aeabi_unwind_cpp_pr1
